<?xml version="1.0" encoding="UTF-8"?>
<!-- Generated by org.testng.reporters.JUnitReportReporter -->
<testsuite hostname="LAPTOP-G2NIDLDB" failures="0" tests="4" name="testcases.LoginApplicationDataProvider" time="9.270" errors="0" timestamp="2020-09-07T11:03:31 BST" skipped="0">
  <testcase classname="testcases.LoginApplicationDataProvider" name="loginApplication" time="2.509"/>
  <system-out/>
  <testcase classname="testcases.LoginApplicationDataProvider" name="loginApplication" time="2.899"/>
  <system-out/>
  <testcase classname="testcases.LoginApplicationDataProvider" name="loginApplication" time="1.549"/>
  <system-out/>
  <testcase classname="testcases.LoginApplicationDataProvider" name="loginApplication" time="2.313"/>
  <system-out/>
</testsuite> <!-- testcases.LoginApplicationDataProvider -->
