<?xml version="1.0" encoding="UTF-8"?>
<!-- Generated by org.testng.reporters.JUnitReportReporter -->
<testsuite hostname="LAPTOP-G2NIDLDB" failures="0" tests="1" name="testcases.soptest" time="0.002" errors="0" timestamp="2020-09-01T14:47:37 BST" skipped="0">
  <testcase classname="testcases.soptest" name="testPrint" time="0.002"/>
  <system-out/>
</testsuite> <!-- testcases.soptest -->
