<?xml version="1.0" encoding="UTF-8"?>
<!-- Generated by org.testng.reporters.JUnitReportReporter -->
<testsuite hostname="LAPTOP-G2NIDLDB" failures="0" tests="1" name="testcases.TestDataDriven" time="0.089" errors="0" timestamp="2020-09-01T14:47:37 BST" skipped="0">
  <testcase classname="testcases.TestDataDriven" name="testDataDriven" time="0.089"/>
  <system-out/>
</testsuite> <!-- testcases.TestDataDriven -->
