<?xml version="1.0" encoding="UTF-8"?>
<!-- Generated by org.testng.reporters.JUnitReportReporter -->
<testsuite hostname="LAPTOP-G2NIDLDB" failures="0" tests="4" name="testcases.LoginApplicationScreenShot" time="9.921" errors="0" timestamp="2020-09-08T11:48:12 BST" skipped="0">
  <testcase classname="testcases.LoginApplicationScreenShot" name="loginApplication" time="1.680"/>
  <system-out/>
  <testcase classname="testcases.LoginApplicationScreenShot" name="loginApplication" time="2.240"/>
  <system-out/>
  <testcase classname="testcases.LoginApplicationScreenShot" name="loginApplication" time="3.570"/>
  <system-out/>
  <testcase classname="testcases.LoginApplicationScreenShot" name="loginApplication" time="2.431"/>
  <system-out/>
</testsuite> <!-- testcases.LoginApplicationScreenShot -->
