<?xml version="1.0" encoding="UTF-8"?>
<!-- Generated by org.testng.reporters.JUnitReportReporter -->
<testsuite hostname="LAPTOP-G2NIDLDB" failures="0" tests="1" name="testcases.LoginApplicationParam" time="10.504" errors="0" timestamp="2020-09-04T19:03:35 BST" skipped="0">
  <testcase classname="testcases.LoginApplicationParam" name="loginApplication" time="10.504"/>
  <system-out/>
</testsuite> <!-- testcases.LoginApplicationParam -->
