<?xml version="1.0" encoding="UTF-8"?>
<!-- Generated by org.testng.reporters.JUnitReportReporter -->
<testsuite hostname="LAPTOP-G2NIDLDB" failures="0" tests="1" name="testcases.LoginApplication" time="2.899" errors="0" timestamp="2020-09-04T18:55:00 BST" skipped="0">
  <testcase classname="testcases.LoginApplication" name="loginApplication" time="2.899"/>
  <system-out/>
</testsuite> <!-- testcases.LoginApplication -->
